2025-01-13 17:34:16,873 - ERROR - url: http://156.238.251.122:35455/tv.m3u 爬取失败❌, Error: HTTPConnectionPool(host='156.238.251.122', port=35455): Max retries exceeded with url: /tv.m3u (Caused by NewConnectionError('<urllib3.connection.HTTPConnection object at 0x7f62384bb220>: Failed to establish a new connection: [Errno 111] Connection refused'))
2025-01-13 17:34:16,930 - INFO - url: https://live.fanmingming.com/tv/m3u/ipv6.m3u 获取成功，判断为m3u格式
2025-01-13 17:34:16,931 - INFO - url: https://live.fanmingming.com/tv/m3u/ipv6.m3u 爬取成功✅，包含频道分类: 央视频道, 卫视频道, 浙江频道, 内蒙频道
2025-01-13 17:34:17,034 - INFO - url: https://raw.githubusercontent.com/YanG-1989/m3u/main/Gather.m3u 获取成功，判断为m3u格式
2025-01-13 17:34:17,035 - INFO - url: https://raw.githubusercontent.com/YanG-1989/m3u/main/Gather.m3u 爬取成功✅，包含频道分类: •温馨「提示」, •4K「IPV4」, •4K「IPV6」, •央视「IPV6」, •卫视「IPV6」, •iHOT「IPV6」, •NewTV「IPV6」, •数字「IPV6」, •咪咕「IPV6」, •游戏「赛事」, •影视「轮播」
2025-01-13 17:36:27,052 - INFO - url: http://175.178.251.183:6689/live.m3u 获取成功，判断为m3u格式
2025-01-13 17:36:27,060 - INFO - url: http://175.178.251.183:6689/live.m3u 爬取成功✅，包含频道分类: 公告信息, 央视频道, 卫视频道, 港·澳·台, 少儿频道, 影视频道, 广东频道, 浙江频道, 上海频道
2025-01-13 17:36:27,210 - INFO - url: https://raw.githubusercontent.com/Guovin/TV/gd/output/result.m3u 获取成功，判断为m3u格式
2025-01-13 17:36:27,214 - INFO - url: https://raw.githubusercontent.com/Guovin/TV/gd/output/result.m3u 爬取成功✅，包含频道分类: 🕘️更新时间, 📺央视频道, 💰央视付费频道, 📡卫视频道, ☘️广东频道, ☘️浙江频道, ☘️北京频道, ☘️上海频道, ☘️重庆频道, ☘️江苏频道, ☘️辽宁频道, ☘️湖南频道, ☘️湖北频道, ☘️广西频道, ☘️天津频道, ☘️四川频道, ☘️陕西频道, ☘️福建频道, ☘️海南频道, ☘️河南频道, ☘️河北频道, ☘️贵州频道, ☘️甘肃频道, ☘️新疆频道, ☘️山东频道, ☘️山西频道, ☘️安徽频道, ☘️宁夏频道, ☘️吉林频道, ☘️内蒙古频道, ☘️青海频道, ☘️黑龙江频道, 🌊港·澳·台, 🎬电影频道, 🎥咪咕直播, 🏀体育频道, 🪁动画频道, 🎮游戏频道, 🎵音乐频道, 🏛经典剧场
2025-01-13 17:36:27,303 - INFO - url: https://live.iptv365.org/live.txt 获取成功，判断为txt格式
2025-01-13 17:36:27,361 - INFO - url: https://live.iptv365.org/live.txt 爬取成功✅，包含频道分类: 更新时间, 💓专享源🅰️, 💓专享源🅱️, 💓专享央视, 💓专享卫视, 💓港澳台📶, 💓 AKTV📶, 💓台湾台📶, 💓电视剧🔁, 💓优质个源, 💓儿童专享, 💓咪咕直播, 🏀SPORTS⚽️, 🍹定制台☕️, 💓英语频道, 💓4K(Test), 🌐央视频道, 📡卫视频道, 上海频道, 体育频道, 电影频道, 电视剧频道, 明星, 主题片, 港澳台, 国际台, 纪录片, 动画片, 戏曲频道, 综艺频道, 音乐频道, 游戏频道, ☘️湖南频道, ☘️湖北频道, ☘️广东频道, ☘️浙江频道, ☘️山东频道, ☘️江苏频道, ☘️安徽频道, ☘️海南频道, ☘️内蒙频道, ☘️辽宁频道, ☘️陕西频道, ☘️山西频道, ☘️云南频道, ☘️北京频道, ☘️重庆频道, ☘️福建频道, ☘️甘肃频道, ☘️广西频道, ☘️贵州频道, ☘️河北频道, ☘️河南频道, ☘️黑龙江频道, ☘️吉林频道, ☘️江西频道, ☘️宁夏频道, ☘️青海频道, ☘️四川频道, ☘️天津频道, ☘️新疆频道, 解说频道, 春晚, 直播中国, MTV, 收音机频道, ❤️与凤行, ❤️以家人之名
2025-01-13 17:36:27,428 - INFO - url: https://raw.githubusercontent.com/zwc456baby/iptv_alive/master/live.m3u 获取成功，判断为m3u格式
2025-01-13 17:36:27,573 - INFO - url: https://raw.githubusercontent.com/hero1898/tv/refs/heads/main/IPTV.m3u 获取成功，判断为m3u格式
2025-01-13 17:36:27,651 - INFO - url: https://raw.githubusercontent.com/hero1898/tv/refs/heads/main/IPTV.m3u 爬取成功✅，包含频道分类: 🇨🇳央视频道🇨🇳, 🛰️卫视频道🛰️, 🥝数字频道🥝, 🦁NewTV频道🦁, 🇭🇰港澳台🇭🇰
2025-01-13 17:36:27,682 - INFO - url: https://live.zbds.top/tv/iptv6.txt 获取成功，判断为txt格式
2025-01-13 17:36:27,684 - INFO - url: https://live.zbds.top/tv/iptv6.txt 爬取成功✅，包含频道分类: 央视频道, 卫视频道, 电影频道, 数字频道, 儿童频道, 地方频道, 综艺频道, 纪录频道, 体育频道, 解说频道, 游戏频道, 更新时间
2025-01-13 17:36:27,709 - INFO - url: https://live.zbds.top/tv/iptv4.txt 获取成功，判断为txt格式
2025-01-13 17:36:27,714 - INFO - url: https://live.zbds.top/tv/iptv4.txt 爬取成功✅，包含频道分类: 央视频道, 卫视频道, 电影频道, 数字频道, 儿童频道, 地方频道, 综艺频道, 纪录频道, 体育频道, 解说频道, 游戏频道, 音乐频道, 戏曲频道, 更新时间
2025-01-13 17:36:27,885 - INFO - url: https://raw.githubusercontent.com/n3rddd/CTVLive/master/live.m3u 获取成功，判断为m3u格式
2025-01-13 17:36:27,934 - INFO - url: https://raw.githubusercontent.com/n3rddd/CTVLive/master/live.m3u 爬取成功✅，包含频道分类: 🤠雷蒙影视直播, 🇨🇳央视, 🇨🇳高清, 📡卫视, 🇭🇰香港, 🇹🇼台湾, 🇲🇴澳门, 🥘重庆, 🎞影视, ❤咪咕
2025-01-13 17:36:28,065 - INFO - url: https://raw.githubusercontent.com/xiongjian83/zubo/refs/heads/main/live.txt 获取成功，判断为txt格式
2025-01-13 17:36:28,073 - INFO - url: https://raw.githubusercontent.com/xiongjian83/zubo/refs/heads/main/live.txt 爬取成功✅，包含频道分类: 公告, 📡  央视频道, 📡  卫视频道, 📡  江西频道, 📡  北京频道, 📡  上海频道, 📡  浙江频道, 📡  江苏频道, 📡  广东频道, 📡  湖南频道, 📡  福建频道, 📡  湖北频道, 📡  天津频道, 📡  安徽频道, 📡  河南频道, 📡  河北频道, 📡  重庆频道, 📡  四川频道, 📡  陕西频道, 📡  广西频道, 📡  香港频道, 📡  台湾频道, 📡  新闻频道p2p, 📡  电影频道p2p, 📡  戏剧频道p2p, 🇨🇳数字4K, 🇨🇳虎牙直播, 🇨🇳斗鱼直播, 🇨🇳电视剧轮播, 🇨🇳 YY频道, 🇨🇳埋堆堆（港剧）, 🇨🇳 NewTV
2025-01-13 17:36:28,155 - INFO - url: https://raw.githubusercontent.com/YueChan/Live/main/IPTV.m3u 获取成功，判断为m3u格式
2025-01-13 17:36:28,156 - INFO - url: https://raw.githubusercontent.com/YueChan/Live/main/IPTV.m3u 爬取成功✅，包含频道分类: 央视, 卫视, 地方
2025-01-13 17:36:29,119 - INFO - url: http://tv.850930.xyz/kdsb.txt 获取成功，判断为txt格式
2025-01-13 17:36:29,130 - INFO - url: http://tv.850930.xyz/kdsb.txt 爬取成功✅，包含频道分类: 🐼电视公告, 🔥AKTV恢复, 🔥央视频区, 🔥银河电视, 🔥北方广电, 🔥云南有线, 🐼4k专区, 🐼咪咕直播, 🐼中央电视, 🐼全国卫视, 🐼数字电视, 🐼移动专区, 🐼联通专区, 🐼电信专区, 🐼IPV6专区, 💝香港澳门, 🔥台湾专区, 🌍国际频道, 🐼电影轮播, 🐼体育专区, 🐼北方广电, 🐼北京ID10, 🐼天津ID11, 🐼河北ID12, 🐼山西ID13, 🐼内蒙ID14, 🐼辽宁ID15, 🐼吉林ID16, 🐼龙江ID17, 🐼上海ID18, 🐼江苏ID19, 🐼浙江ID20, 🐼安徽ID21, 🐼福建ID22, 🐼江西ID23, 🐼山东ID24, 🐼河南ID25, 🐼湖北ID26, 🐼湖南ID27, 🐼广东ID28, 🐼广西ID29, 🐼海南ID30, 🐼重庆ID31, 🐼四川ID32, 🐼贵州ID33, 🐼云南ID34, 🐼西藏ID35, 🐼陕西ID36, 🐼甘肃ID37, 🐼青海ID38, 🐼宁夏ID39, 🐼新疆ID40
2025-01-13 17:36:29,978 - INFO - url: http://tv.850930.xyz/kdsb2.txt 获取成功，判断为txt格式
2025-01-13 17:36:29,989 - INFO - url: http://tv.850930.xyz/kdsb2.txt 爬取成功✅，包含频道分类: 🐼电视公告, 🔥AKTV恢复, 🔥央视频区, 🔥银河电视, 🔥北方广电, 🔥云南有线, 🐼4k专区, 🐼咪咕直播, 🐼中央电视, 🐼全国卫视, 🐼数字电视, 🐼移动专区, 🐼联通专区, 🐼电信专区, 🐼IPV6专区, 💝香港澳门, 🔥台湾专区, 🌍国际频道, 🐼电影轮播, 🐼体育专区, 🐼北方广电, 🐼北京ID10, 🐼天津ID11, 🐼河北ID12, 🐼山西ID13, 🐼内蒙ID14, 🐼辽宁ID15, 🐼吉林ID16, 🐼龙江ID17, 🐼上海ID18, 🐼江苏ID19, 🐼浙江ID20, 🐼安徽ID21, 🐼福建ID22, 🐼江西ID23, 🐼山东ID24, 🐼河南ID25, 🐼湖北ID26, 🐼湖南ID27, 🐼广东ID28, 🐼广西ID29, 🐼海南ID30, 🐼重庆ID31, 🐼四川ID32, 🐼贵州ID33, 🐼云南ID34, 🐼西藏ID35, 🐼陕西ID36, 🐼甘肃ID37, 🐼青海ID38, 🐼宁夏ID39, 🐼新疆ID40
2025-01-13 17:36:30,961 - INFO - url: http://tv.850930.xyz/gather.m3u 获取成功，判断为m3u格式
2025-01-13 17:36:30,965 - INFO - url: http://tv.850930.xyz/gather.m3u 爬取成功✅，包含频道分类: •温馨「提示」, •4K「IPV4」, •4K「IPV6」, •央视「IPV6」, •卫视「IPV6」, •iHOT「IPV6」, •NewTV「IPV6」, •数字「IPV6」, •咪咕「IPV6」, •咪咕「NBA」, •咪咕「足球」, •咪咕「体育」, •咪咕「TV」, •國際「AKTV」, •國際「匯集」, •港澳「限制」, •台湾「限制」, •广东「特产」, •特色「混搭」, •游戏「赛事」, •影视「轮播」, •广播「壹」, •广播「贰」, •韩国「KO」, •日本「JP」, --------------------------, •myTV「请到GitHub获取」, ---------------------------
2025-01-13 17:36:31,198 - INFO - url: https://live.wqwqwq.sbs/tv.m3u 获取成功，判断为m3u格式
2025-01-13 17:36:31,199 - INFO - url: https://live.wqwqwq.sbs/tv.m3u 爬取成功✅，包含频道分类: 4K频道, 央视, 卫视, 香港, 其他, 8K频道, 北京, 安徽, 甘肃, 广东, 贵州, 海南, 河北, 河南, 黑龙江, 湖北, 湖南, 吉林, 江苏, 江西, 辽宁, 青海, 山东, 上海, 四川, 云南, 浙江, 重庆, NEWTV, IHOT, 咪咕体育
2025-01-13 17:36:31,654 - INFO - url: https://lu.wqwqwq.sbs/tv.m3u 获取成功，判断为m3u格式
2025-01-13 17:36:31,655 - INFO - url: https://lu.wqwqwq.sbs/tv.m3u 爬取成功✅，包含频道分类: 4K频道, 央视, 卫视, 香港, 其他, 8K频道, 北京, 安徽, 甘肃, 广东, 贵州, 海南, 河北, 河南, 黑龙江, 湖北, 湖南, 吉林, 江苏, 江西, 辽宁, 青海, 山东, 上海, 四川, 云南, 浙江, 重庆, NEWTV, IHOT, 咪咕体育
2025-01-13 17:36:32,276 - INFO - url: https://www.mytvsuper.xyz/m3u/Live.m3u 获取成功，判断为txt格式
2025-01-13 17:36:32,356 - INFO - url: https://tv.ccsource.us.kg/live.txt 获取成功，判断为txt格式
2025-01-13 17:36:32,362 - INFO - url: https://tv.ccsource.us.kg/live.txt 爬取成功✅，包含频道分类: 央视频道, 卫视频道, 央卫综合, 国际综合, 浙江综合, 江苏综合, 山东综合, 湖南综合, 四川综合, 安徽综合, 河南综合, 福建综合, 河北综合, 湖北综合, 广西综合, 各地综合, 影视综合, 数字频道, 少儿频道, 体育频道, 直播中国, 央视IPV6, 卫视IPV6
2025-01-13 17:36:32,377 - INFO - url: https://raw.githubusercontent.com/redrainl/iptv/main/speedtest/zubo_fofa.txt 获取成功，判断为txt格式
2025-01-13 17:36:32,394 - INFO - url: https://raw.githubusercontent.com/redrainl/iptv/main/speedtest/zubo_fofa.txt 爬取成功✅，包含频道分类: 上海电信, 江苏, 北京联通, 天津联通, 河南电信, 山西电信, 广东电信, 四川电信, 浙江电信, 湖北电信, 福建电信, 湖南电信, 甘肃电信, 河北联通
2025-01-13 17:36:32,408 - INFO - url: https://raw.githubusercontent.com/pxiptv/live/main/iptv.txt 获取成功，判断为txt格式
2025-01-13 17:36:32,412 - INFO - url: https://raw.githubusercontent.com/pxiptv/live/main/iptv.txt 爬取成功✅，包含频道分类: 🇨🇳央视频道🇨🇳, 🛰️卫视频道🛰️, 🇭🇰港澳台🇭🇰, 🏆咪咕体育🏆, 🥝精品频道🥝, 🤩3D频道🤩
2025-01-13 17:36:32,492 - INFO - url: https://raw.githubusercontent.com/n3rddd/MemoryCollection-IPTV/refs/heads/main/hotel.txt 获取成功，判断为txt格式
2025-01-13 17:36:32,493 - INFO - url: https://raw.githubusercontent.com/n3rddd/MemoryCollection-IPTV/refs/heads/main/hotel.txt 爬取成功✅，包含频道分类: 中央频道, 卫星频道, 其他频道, 未分组, 12-18 18:24
2025-01-13 17:36:32,644 - INFO - url: https://aktv.top/live.m3u 获取成功，判断为m3u格式
2025-01-13 17:36:32,644 - INFO - url: https://aktv.top/live.m3u 爬取成功✅，包含频道分类: AKTV
2025-01-13 17:36:38,574 - INFO - url: https://gitcode.net/ygbh66/test/-/raw/master/oh.txt 获取成功，判断为txt格式
2025-01-13 17:36:38,589 - INFO - url: https://raw.githubusercontent.com/wwb521/live/main/tv.m3u 获取成功，判断为m3u格式
2025-01-13 17:36:38,602 - ERROR - url: https://raw.githubusercontent.com/kakaxi-1/IPTV/main/iptv.txt 爬取失败❌, Error: 404 Client Error: Not Found for url: https://raw.githubusercontent.com/kakaxi-1/IPTV/main/iptv.txt
2025-01-13 17:36:38,614 - INFO - url: https://raw.githubusercontent.com/SingerLan/live/refs/heads/main/jiexi.txt 获取成功，判断为txt格式
2025-01-13 17:36:38,616 - INFO - url: https://raw.githubusercontent.com/SingerLan/live/refs/heads/main/jiexi.txt 爬取成功✅，包含频道分类: 数字付费, 央视, 港台, 卫视, 电影电视, 广东, 北京, IPV6
2025-01-13 17:36:38,752 - INFO - url: https://json.doube.eu.org/live/migu/Sub.php 获取成功，判断为m3u格式
2025-01-13 17:36:38,752 - INFO - url: https://json.doube.eu.org/live/migu/Sub.php 爬取成功✅，包含频道分类: 央视, 中央新影, CGTN, CHC, 卫视, 咪咕数字, 熊猫
2025-01-13 17:36:38,762 - INFO - url: https://raw.githubusercontent.com/yuanzl77/IPTV/main/直播/央视频道.txt 获取成功，判断为txt格式
2025-01-13 17:36:38,763 - INFO - url: https://raw.githubusercontent.com/yuanzl77/IPTV/main/直播/央视频道.txt 爬取成功✅，包含频道分类: 央视频道
2025-01-13 17:36:39,476 - INFO - url: https://live.zhoujie218.top/tv/iptv6.txt 获取成功，判断为txt格式
2025-01-13 17:36:39,477 - INFO - url: https://live.zhoujie218.top/tv/iptv6.txt 爬取成功✅，包含频道分类: 央视频道, 卫视频道, 电影频道, 数字频道, 儿童频道, 地方频道, 综艺频道, 纪录频道, 体育频道, 解说频道, 游戏频道, 更新时间
2025-01-13 17:36:59,901 - INFO - url: http://ww.weidonglong.com/dsj.txt 获取成功，判断为txt格式
2025-01-13 17:36:59,902 - INFO - url: http://ww.weidonglong.com/dsj.txt 爬取成功✅，包含频道分类: 👉电视直播, 央视频道, 卫视频道, 卫视综合, 体育综合, 急救技能, 👉获取更新
2025-01-13 17:37:00,079 - INFO - url: http://xhztv.top/zbc.txt 获取成功，判断为txt格式
2025-01-13 17:37:00,082 - INFO - url: http://xhztv.top/zbc.txt 爬取成功✅，包含频道分类: ﻿新闻频道, 央视, 央视IPv6, 卫视IPv6, 港湾频道, 广东地区, 直播中国, 体育频道, 少儿频道, 电影频道, 影视综合, MTV频道, 历届春晚, ♥聚玩盒子
2025-01-13 17:37:00,112 - ERROR - url: https://raw.githubusercontent.com/mlvjfchen/TV/main/iptv_list.txt 爬取失败❌, Error: 404 Client Error: Not Found for url: https://raw.githubusercontent.com/mlvjfchen/TV/main/iptv_list.txt
2025-01-13 17:37:00,255 - INFO - url: https://raw.githubusercontent.com/qingwen07/awesome-iptv/main/tvbox_live_all.txt 获取成功，判断为txt格式
2025-01-13 17:37:00,278 - INFO - url: https://raw.githubusercontent.com/qingwen07/awesome-iptv/main/tvbox_live_all.txt 爬取成功✅，包含频道分类: 央视, 新闻, 卫视台, 地方台, 港澳台, 埋堆堆, 影视, 体育, 音乐, 小品, 咪咕, 斗鱼, 少儿, 国外, IPV6, 
2025-01-13 17:37:01,287 - INFO - url: http://home.jundie.top:81/Cat/tv/live.txt 获取成功，判断为txt格式
2025-01-13 17:37:01,287 - INFO - url: http://home.jundie.top:81/Cat/tv/live.txt 爬取成功✅，包含频道分类: 央视频道, 卫视频道, 埋堆堆
2025-01-13 17:37:01,363 - INFO - url: https://raw.githubusercontent.com/vbskycn/iptv/master/tv/hd.txt 获取成功，判断为txt格式
2025-01-13 17:37:01,369 - INFO - url: https://raw.githubusercontent.com/vbskycn/iptv/master/tv/hd.txt 爬取成功✅，包含频道分类: 央视频道ip6, 卫视频道ip6, 电影频道ip6, 数字频道ip6, 儿童频道ip6, 地方频道ip6, 综艺频道ip6, 纪录频道ip6, 体育频道ip6, 解说频道ip6, 游戏频道ip6, 更新时间ip6, 央视频道ip4, 卫视频道ip4, 电影频道ip4, 数字频道ip4, 儿童频道ip4, 地方频道ip4, 综艺频道ip4, 纪录频道ip4, 体育频道ip4, 解说频道ip4, 游戏频道ip4, 音乐频道ip4, 戏曲频道ip4, 更新时间ip4
2025-01-13 17:37:01,397 - INFO - url: https://cdn.jsdelivr.net/gh/YueChan/live@main/IPTV.m3u 获取成功，判断为m3u格式
2025-01-13 17:37:01,398 - INFO - url: https://cdn.jsdelivr.net/gh/YueChan/live@main/IPTV.m3u 爬取成功✅，包含频道分类: 央视, 卫视, 地方
2025-01-13 17:37:01,465 - INFO - url: https://raw.githubusercontent.com/cymz6/AutoIPTV-Hotel/main/lives.txt 获取成功，判断为txt格式
2025-01-13 17:37:01,465 - INFO - url: https://raw.githubusercontent.com/cymz6/AutoIPTV-Hotel/main/lives.txt 爬取成功✅，包含频道分类: 央视频道, 卫视频道, 其他频道
2025-01-13 17:37:01,538 - INFO - url: https://raw.githubusercontent.com/PizazzGY/TVBox_warehouse/main/live.txt 获取成功，判断为txt格式
2025-01-13 17:37:01,538 - INFO - url: https://raw.githubusercontent.com/PizazzGY/TVBox_warehouse/main/live.txt 爬取成功✅，包含频道分类: 央视
2025-01-13 17:37:02,315 - INFO - url: https://fm1077.serv00.net/SmartTV.m3u 获取成功，判断为m3u格式
2025-01-13 17:37:02,317 - INFO - url: https://fm1077.serv00.net/SmartTV.m3u 爬取成功✅，包含频道分类: 臺灣 Taiwan, 馬來西亞 Malaysia, 新加坡 Singapore, 印尼 Indonesia, 香港 Hongkong, 中國 China, 體育 Sports, 印度 Indian, 電影 Movie, 紀錄 Documentary, 新聞 News, 兒童 Kids, 泰國 Thailand, 英國 United Kingdom, 越南 Vietnam, 韓國 Korea, 日本 Japan
2025-01-13 17:37:02,382 - INFO - url: https://raw.githubusercontent.com/ssili126/tv/main/itvlist.txt 获取成功，判断为txt格式
2025-01-13 17:37:02,383 - INFO - url: https://raw.githubusercontent.com/ssili126/tv/main/itvlist.txt 爬取成功✅，包含频道分类: 央视频道, 卫视频道, 其他频道
2025-01-13 17:37:02,454 - INFO - url: https://raw.githubusercontent.com/joevess/IPTV/main/iptv.m3u8 获取成功，判断为txt格式
2025-01-13 17:37:02,552 - INFO - url: https://raw.githubusercontent.com/kimwang1978/collect-tv-txt/main/merged_output.txt 获取成功，判断为txt格式
2025-01-13 17:37:02,610 - INFO - url: https://raw.githubusercontent.com/kimwang1978/collect-tv-txt/main/merged_output.txt 爬取成功✅，包含频道分类: 更新时间, 💓专享源🅰️, 💓专享源🅱️, 💓专享央视, 💓专享卫视, 💓港澳台📶, 💓 AKTV📶, 💓台湾台📶, 💓电视剧🔁, 💓优质个源, 💓儿童专享, 💓咪咕直播, 🏀SPORTS⚽️, 🍹定制台☕️, 💓英语频道, 💓4K(Test), 🌐央视频道, 📡卫视频道, 上海频道, 体育频道, 电影频道, 电视剧频道, 明星, 主题片, 港澳台, 国际台, 纪录片, 动画片, 戏曲频道, 综艺频道, 音乐频道, 游戏频道, ☘️湖南频道, ☘️湖北频道, ☘️广东频道, ☘️浙江频道, ☘️山东频道, ☘️江苏频道, ☘️安徽频道, ☘️海南频道, ☘️内蒙频道, ☘️辽宁频道, ☘️陕西频道, ☘️山西频道, ☘️云南频道, ☘️北京频道, ☘️重庆频道, ☘️福建频道, ☘️甘肃频道, ☘️广西频道, ☘️贵州频道, ☘️河北频道, ☘️河南频道, ☘️黑龙江频道, ☘️吉林频道, ☘️江西频道, ☘️宁夏频道, ☘️青海频道, ☘️四川频道, ☘️天津频道, ☘️新疆频道, 解说频道, 春晚, 直播中国, MTV, 收音机频道, ❤️与凤行, ❤️以家人之名
2025-01-13 17:37:02,677 - INFO - url: https://raw.githubusercontent.com/Supprise0901/TVBox_live/main/live.txt 获取成功，判断为txt格式
2025-01-13 17:37:02,678 - INFO - url: https://raw.githubusercontent.com/Supprise0901/TVBox_live/main/live.txt 爬取成功✅，包含频道分类: 🇨🇳河南地方, 🇨🇳卫视频道, 🇨🇳央视频道, 🇨🇳影视地方, 🇭🇰港台
2025-01-13 17:37:02,752 - INFO - url: https://raw.githubusercontent.com/yoursmile66/TVBox/main/live.txt 获取成功，判断为txt格式
2025-01-13 17:37:02,756 - INFO - url: https://raw.githubusercontent.com/yoursmile66/TVBox/main/live.txt 爬取成功✅，包含频道分类: 央视, 卫视, IPV6, 少儿频道, 影视, 大杂烩, 浙江综合, 江苏综合, 山东综合, 四川综合, 纪录片频道, 直播中国, 歌星金曲, DJ音乐
2025-01-13 17:37:05,974 - INFO - url: http://kxrj.site:55/lib/kx2024.txt 获取成功，判断为txt格式
2025-01-13 17:37:05,988 - INFO - url: http://kxrj.site:55/lib/kx2024.txt 爬取成功✅，包含频道分类: 💝永久免费👉公告, 💝中国港澳👉全网, 💝AKTV频道👉全网, 💝央视频👉全网, 💝肥羊iTV频道👉全网, 💝咪咕频道👉全网, 💝中国移动ITV👉移动, 💝辽宁北方频道👉代理, 💝广东荔枝频道👉全网, 💝广东频道👉组建, 💝四川重庆频道👉全网, 💝央视频道👉ipv6, 💝卫视频道👉IPV6, 💝黑龙江回看👉IPV6, 💝范明明频道👉IPV6, 💝全球频道👉全网, 💝体育频道👉全网, 💝游戏赛事👉全网, 💝虎牙埋堆堆👉全网, 💝虎牙轮播👉全网, 💝MTV视频👉全网, 💝收音广播👉全网, 💝景区直播👉全网, 💝春晚现场👉全网, 💝港澳财经👉_888全网, 💝下列P3P, 167需要科学［美］节, 173需要科学［美］节
2025-01-13 17:37:06,018 - INFO - url: https://raw.githubusercontent.com/Kimentanm/aptv/master/m3u/iptv.m3u 获取成功，判断为m3u格式
2025-01-13 17:37:06,019 - INFO - url: https://raw.githubusercontent.com/Kimentanm/aptv/master/m3u/iptv.m3u 爬取成功✅，包含频道分类: 央视IPV4, 卫视IPV4, 央视-菁彩声, 央视IPV6, 卫视IPV6, IHOT IPv6, 历年春晚
2025-01-13 17:37:06,090 - INFO - url: https://raw.githubusercontent.com/Love4vn/love4vn/main/Sport.m3u 获取成功，判断为m3u格式
2025-01-13 17:37:06,253 - ERROR - url: https://gitlab.com/tvkj/qxitv/-/raw/main/888.txt 爬取失败❌, Error: 404 Client Error: Not Found for url: https://gitlab.com/tvkj/qxitv/-/raw/main/888.txt
